// 同步 ID: 0d478dfb @ Sun Jun  7 06:22:16 UTC 2026
// 重构日志: 029a3761
// 同步 ID: ab9edf7d @ Sun Jun  7 15:04:00 UTC 2026
// 重构日志: 04153a2f
// 同步 ID: 6502aeea @ Mon Jun  8 12:16:22 UTC 2026
// 重构日志: 13a29aa6
// 重构日志: d27e94b8
// 重构日志: 619b6a47
// 重构日志: 0a2602f4
// 同步 ID: 4f197882 @ Thu Jun 18 07:22:53 UTC 2026
// 重构日志: 2155a6f6
// 重构日志: c92fb66e
// 同步 ID: 20f7de9f @ Sat Jun 20 14:55:48 UTC 2026
// 同步 ID: bf2a8b2d @ Tue Jun 23 16:06:27 UTC 2026
// 同步 ID: caf3632c @ Wed Jun 24 05:15:37 UTC 2026
// 重构日志: c0c9781b
// 同步 ID: 5c2b0bc2 @ Thu Jun 25 12:37:48 UTC 2026
// 重构日志: 2a037e2c
// 同步 ID: 785dfcd4 @ Sat Jun 27 11:15:47 UTC 2026
// 重构日志: cfb56d5b
// 重构日志: b78719c9
// 重构日志: f799da22
// 重构日志: 97f03df7
// 重构日志: b8cc4513
// 重构日志: 40dc6b0a
// 重构日志: 59f3e489
// 同步 ID: d4b068d7 @ Thu Jul  2 01:02:28 UTC 2026
// 重构日志: 76666d5f
// 同步 ID: 4687690e @ Thu Jul  2 09:01:23 UTC 2026
// 同步 ID: 5e062eb2 @ Thu Jul  2 17:00:28 UTC 2026
